Build started 11/22/2021 12:50:25 PM.
     1>Project "C:\Users\ad\Documents\Visual Studio 2015\Projects\Computer Graphics - Opengl\dayNightMode\dayNightMode\dayNightMode.vcxproj" on node 2 (Build target(s)).
     1>ClCompile:
         C:\Program Files (x86)\Microsoft Visual Studio 14.0\VC\bin\CL.exe /c /ZI /nologo /W3 /WX- /sdl /Od /Oy- /D _CRT_SECURE_NO_WARNINGS /D _MBCS /Gm /EHsc /RTC1 /MDd /GS /fp:precise /Zc:wchar_t /Zc:forScope /Zc:inline /Fo"Debug\\" /Fd"Debug\vc140.pdb" /Gd /TP /analyze- /errorReport:prompt Source.cpp
         Source.cpp
     1>c:\users\ad\documents\visual studio 2015\projects\computer graphics - opengl\daynightmode\daynightmode\source.cpp(63): warning C4244: '=': conversion from 'double' to 'float', possible loss of data
     1>c:\users\ad\documents\visual studio 2015\projects\computer graphics - opengl\daynightmode\daynightmode\source.cpp(160): warning C4305: 'argument': truncation from 'double' to 'GLfloat'
     1>c:\users\ad\documents\visual studio 2015\projects\computer graphics - opengl\daynightmode\daynightmode\source.cpp(160): warning C4244: 'argument': conversion from 'double' to 'GLfloat', possible loss of data
     1>c:\users\ad\documents\visual studio 2015\projects\computer graphics - opengl\daynightmode\daynightmode\source.cpp(161): warning C4305: 'argument': truncation from 'double' to 'GLfloat'
     1>c:\users\ad\documents\visual studio 2015\projects\computer graphics - opengl\daynightmode\daynightmode\source.cpp(161): warning C4244: 'argument': conversion from 'double' to 'GLfloat', possible loss of data
     1>c:\users\ad\documents\visual studio 2015\projects\computer graphics - opengl\daynightmode\daynightmode\source.cpp(172): warning C4305: 'argument': truncation from 'double' to 'GLfloat'
     1>c:\users\ad\documents\visual studio 2015\projects\computer graphics - opengl\daynightmode\daynightmode\source.cpp(172): warning C4244: 'argument': conversion from 'double' to 'GLfloat', possible loss of data
     1>c:\users\ad\documents\visual studio 2015\projects\computer graphics - opengl\daynightmode\daynightmode\source.cpp(173): warning C4244: 'argument': conversion from 'double' to 'GLfloat', possible loss of data
     1>c:\users\ad\documents\visual studio 2015\projects\computer graphics - opengl\daynightmode\daynightmode\source.cpp(184): warning C4305: 'argument': truncation from 'double' to 'GLfloat'
     1>c:\users\ad\documents\visual studio 2015\projects\computer graphics - opengl\daynightmode\daynightmode\source.cpp(184): warning C4244: 'argument': conversion from 'double' to 'GLfloat', possible loss of data
     1>c:\users\ad\documents\visual studio 2015\projects\computer graphics - opengl\daynightmode\daynightmode\source.cpp(185): warning C4305: 'argument': truncation from 'double' to 'GLfloat'
     1>c:\users\ad\documents\visual studio 2015\projects\computer graphics - opengl\daynightmode\daynightmode\source.cpp(185): warning C4244: 'argument': conversion from 'double' to 'GLfloat', possible loss of data
     1>c:\users\ad\documents\visual studio 2015\projects\computer graphics - opengl\daynightmode\daynightmode\source.cpp(196): warning C4244: 'argument': conversion from 'double' to 'GLfloat', possible loss of data
     1>c:\users\ad\documents\visual studio 2015\projects\computer graphics - opengl\daynightmode\daynightmode\source.cpp(197): warning C4305: 'argument': truncation from 'double' to 'GLfloat'
     1>c:\users\ad\documents\visual studio 2015\projects\computer graphics - opengl\daynightmode\daynightmode\source.cpp(197): warning C4244: 'argument': conversion from 'double' to 'GLfloat', possible loss of data
     1>c:\users\ad\documents\visual studio 2015\projects\computer graphics - opengl\daynightmode\daynightmode\source.cpp(208): warning C4305: 'argument': truncation from 'double' to 'GLfloat'
     1>c:\users\ad\documents\visual studio 2015\projects\computer graphics - opengl\daynightmode\daynightmode\source.cpp(208): warning C4244: 'argument': conversion from 'double' to 'GLfloat', possible loss of data
     1>c:\users\ad\documents\visual studio 2015\projects\computer graphics - opengl\daynightmode\daynightmode\source.cpp(209): warning C4305: 'argument': truncation from 'double' to 'GLfloat'
     1>c:\users\ad\documents\visual studio 2015\projects\computer graphics - opengl\daynightmode\daynightmode\source.cpp(209): warning C4244: 'argument': conversion from 'double' to 'GLfloat', possible loss of data
     1>c:\users\ad\documents\visual studio 2015\projects\computer graphics - opengl\daynightmode\daynightmode\source.cpp(220): warning C4305: 'argument': truncation from 'double' to 'GLfloat'
     1>c:\users\ad\documents\visual studio 2015\projects\computer graphics - opengl\daynightmode\daynightmode\source.cpp(220): warning C4244: 'argument': conversion from 'double' to 'GLfloat', possible loss of data
     1>c:\users\ad\documents\visual studio 2015\projects\computer graphics - opengl\daynightmode\daynightmode\source.cpp(221): warning C4305: 'argument': truncation from 'double' to 'GLfloat'
     1>c:\users\ad\documents\visual studio 2015\projects\computer graphics - opengl\daynightmode\daynightmode\source.cpp(221): warning C4244: 'argument': conversion from 'double' to 'GLfloat', possible loss of data
     1>c:\users\ad\documents\visual studio 2015\projects\computer graphics - opengl\daynightmode\daynightmode\source.cpp(232): warning C4305: 'argument': truncation from 'double' to 'GLfloat'
     1>c:\users\ad\documents\visual studio 2015\projects\computer graphics - opengl\daynightmode\daynightmode\source.cpp(232): warning C4244: 'argument': conversion from 'double' to 'GLfloat', possible loss of data
     1>c:\users\ad\documents\visual studio 2015\projects\computer graphics - opengl\daynightmode\daynightmode\source.cpp(233): warning C4244: 'argument': conversion from 'double' to 'GLfloat', possible loss of data
     1>c:\users\ad\documents\visual studio 2015\projects\computer graphics - opengl\daynightmode\daynightmode\source.cpp(244): warning C4305: 'argument': truncation from 'double' to 'GLfloat'
     1>c:\users\ad\documents\visual studio 2015\projects\computer graphics - opengl\daynightmode\daynightmode\source.cpp(244): warning C4244: 'argument': conversion from 'double' to 'GLfloat', possible loss of data
     1>c:\users\ad\documents\visual studio 2015\projects\computer graphics - opengl\daynightmode\daynightmode\source.cpp(245): warning C4305: 'argument': truncation from 'double' to 'GLfloat'
     1>c:\users\ad\documents\visual studio 2015\projects\computer graphics - opengl\daynightmode\daynightmode\source.cpp(245): warning C4244: 'argument': conversion from 'double' to 'GLfloat', possible loss of data
     1>c:\users\ad\documents\visual studio 2015\projects\computer graphics - opengl\daynightmode\daynightmode\source.cpp(256): warning C4305: 'argument': truncation from 'double' to 'GLfloat'
     1>c:\users\ad\documents\visual studio 2015\projects\computer graphics - opengl\daynightmode\daynightmode\source.cpp(256): warning C4244: 'argument': conversion from 'double' to 'GLfloat', possible loss of data
     1>c:\users\ad\documents\visual studio 2015\projects\computer graphics - opengl\daynightmode\daynightmode\source.cpp(257): warning C4244: 'argument': conversion from 'double' to 'GLfloat', possible loss of data
     1>c:\users\ad\documents\visual studio 2015\projects\computer graphics - opengl\daynightmode\daynightmode\source.cpp(268): warning C4305: 'argument': truncation from 'double' to 'GLfloat'
     1>c:\users\ad\documents\visual studio 2015\projects\computer graphics - opengl\daynightmode\daynightmode\source.cpp(268): warning C4244: 'argument': conversion from 'double' to 'GLfloat', possible loss of data
     1>c:\users\ad\documents\visual studio 2015\projects\computer graphics - opengl\daynightmode\daynightmode\source.cpp(269): warning C4305: 'argument': truncation from 'double' to 'GLfloat'
     1>c:\users\ad\documents\visual studio 2015\projects\computer graphics - opengl\daynightmode\daynightmode\source.cpp(269): warning C4244: 'argument': conversion from 'double' to 'GLfloat', possible loss of data
     1>c:\users\ad\documents\visual studio 2015\projects\computer graphics - opengl\daynightmode\daynightmode\source.cpp(280): warning C4244: 'argument': conversion from 'double' to 'GLfloat', possible loss of data
     1>c:\users\ad\documents\visual studio 2015\projects\computer graphics - opengl\daynightmode\daynightmode\source.cpp(281): warning C4305: 'argument': truncation from 'double' to 'GLfloat'
     1>c:\users\ad\documents\visual studio 2015\projects\computer graphics - opengl\daynightmode\daynightmode\source.cpp(281): warning C4244: 'argument': conversion from 'double' to 'GLfloat', possible loss of data
     1>c:\users\ad\documents\visual studio 2015\projects\computer graphics - opengl\daynightmode\daynightmode\source.cpp(292): warning C4305: 'argument': truncation from 'double' to 'GLfloat'
     1>c:\users\ad\documents\visual studio 2015\projects\computer graphics - opengl\daynightmode\daynightmode\source.cpp(292): warning C4244: 'argument': conversion from 'double' to 'GLfloat', possible loss of data
     1>c:\users\ad\documents\visual studio 2015\projects\computer graphics - opengl\daynightmode\daynightmode\source.cpp(293): warning C4305: 'argument': truncation from 'double' to 'GLfloat'
     1>c:\users\ad\documents\visual studio 2015\projects\computer graphics - opengl\daynightmode\daynightmode\source.cpp(293): warning C4244: 'argument': conversion from 'double' to 'GLfloat', possible loss of data
     1>c:\users\ad\documents\visual studio 2015\projects\computer graphics - opengl\daynightmode\daynightmode\source.cpp(304): warning C4305: 'argument': truncation from 'double' to 'GLfloat'
     1>c:\users\ad\documents\visual studio 2015\projects\computer graphics - opengl\daynightmode\daynightmode\source.cpp(304): warning C4244: 'argument': conversion from 'double' to 'GLfloat', possible loss of data
     1>c:\users\ad\documents\visual studio 2015\projects\computer graphics - opengl\daynightmode\daynightmode\source.cpp(305): warning C4305: 'argument': truncation from 'double' to 'GLfloat'
     1>c:\users\ad\documents\visual studio 2015\projects\computer graphics - opengl\daynightmode\daynightmode\source.cpp(305): warning C4244: 'argument': conversion from 'double' to 'GLfloat', possible loss of data
     1>c:\users\ad\documents\visual studio 2015\projects\computer graphics - opengl\daynightmode\daynightmode\source.cpp(316): warning C4305: 'argument': truncation from 'double' to 'GLfloat'
     1>c:\users\ad\documents\visual studio 2015\projects\computer graphics - opengl\daynightmode\daynightmode\source.cpp(316): warning C4244: 'argument': conversion from 'double' to 'GLfloat', possible loss of data
     1>c:\users\ad\documents\visual studio 2015\projects\computer graphics - opengl\daynightmode\daynightmode\source.cpp(317): warning C4244: 'argument': conversion from 'double' to 'GLfloat', possible loss of data
     1>c:\users\ad\documents\visual studio 2015\projects\computer graphics - opengl\daynightmode\daynightmode\source.cpp(403): warning C4244: 'argument': conversion from 'double' to 'GLubyte', possible loss of data
     1>c:\users\ad\documents\visual studio 2015\projects\computer graphics - opengl\daynightmode\daynightmode\source.cpp(405): warning C4244: 'argument': conversion from 'int' to 'GLfloat', possible loss of data
     1>c:\users\ad\documents\visual studio 2015\projects\computer graphics - opengl\daynightmode\daynightmode\source.cpp(406): warning C4244: 'argument': conversion from 'int' to 'GLfloat', possible loss of data
     1>c:\users\ad\documents\visual studio 2015\projects\computer graphics - opengl\daynightmode\daynightmode\source.cpp(407): warning C4244: 'argument': conversion from 'int' to 'GLfloat', possible loss of data
     1>c:\users\ad\documents\visual studio 2015\projects\computer graphics - opengl\daynightmode\daynightmode\source.cpp(408): warning C4244: 'argument': conversion from 'int' to 'GLfloat', possible loss of data
     1>c:\users\ad\documents\visual studio 2015\projects\computer graphics - opengl\daynightmode\daynightmode\source.cpp(409): warning C4244: 'argument': conversion from 'int' to 'GLfloat', possible loss of data
     1>c:\users\ad\documents\visual studio 2015\projects\computer graphics - opengl\daynightmode\daynightmode\source.cpp(410): warning C4244: 'argument': conversion from 'int' to 'GLfloat', possible loss of data
     1>c:\users\ad\documents\visual studio 2015\projects\computer graphics - opengl\daynightmode\daynightmode\source.cpp(411): warning C4244: 'argument': conversion from 'int' to 'GLfloat', possible loss of data
     1>c:\users\ad\documents\visual studio 2015\projects\computer graphics - opengl\daynightmode\daynightmode\source.cpp(418): warning C4244: 'argument': conversion from 'double' to 'GLubyte', possible loss of data
     1>c:\users\ad\documents\visual studio 2015\projects\computer graphics - opengl\daynightmode\daynightmode\source.cpp(440): warning C4305: 'argument': truncation from 'double' to 'GLfloat'
     1>c:\users\ad\documents\visual studio 2015\projects\computer graphics - opengl\daynightmode\daynightmode\source.cpp(447): warning C4305: 'argument': truncation from 'double' to 'GLfloat'
     1>c:\users\ad\documents\visual studio 2015\projects\computer graphics - opengl\daynightmode\daynightmode\source.cpp(461): warning C4244: 'argument': conversion from 'double' to 'GLubyte', possible loss of data
     1>c:\users\ad\documents\visual studio 2015\projects\computer graphics - opengl\daynightmode\daynightmode\source.cpp(480): warning C4244: 'argument': conversion from 'double' to 'GLubyte', possible loss of data
     1>c:\users\ad\documents\visual studio 2015\projects\computer graphics - opengl\daynightmode\daynightmode\source.cpp(510): warning C4305: 'argument': truncation from 'double' to 'GLfloat'
     1>c:\users\ad\documents\visual studio 2015\projects\computer graphics - opengl\daynightmode\daynightmode\source.cpp(549): warning C4244: 'argument': conversion from 'double' to 'GLubyte', possible loss of data
     1>c:\users\ad\documents\visual studio 2015\projects\computer graphics - opengl\daynightmode\daynightmode\source.cpp(599): warning C4305: 'argument': truncation from 'double' to 'GLfloat'
     1>c:\users\ad\documents\visual studio 2015\projects\computer graphics - opengl\daynightmode\daynightmode\source.cpp(632): warning C4305: 'argument': truncation from 'double' to 'GLfloat'
     1>c:\users\ad\documents\visual studio 2015\projects\computer graphics - opengl\daynightmode\daynightmode\source.cpp(652): warning C4305: 'argument': truncation from 'double' to 'GLfloat'
     1>c:\users\ad\documents\visual studio 2015\projects\computer graphics - opengl\daynightmode\daynightmode\source.cpp(662): warning C4305: 'argument': truncation from 'double' to 'GLfloat'
     1>c:\users\ad\documents\visual studio 2015\projects\computer graphics - opengl\daynightmode\daynightmode\source.cpp(690): warning C4305: 'argument': truncation from 'double' to 'GLfloat'
     1>c:\users\ad\documents\visual studio 2015\projects\computer graphics - opengl\daynightmode\daynightmode\source.cpp(701): warning C4305: 'argument': truncation from 'double' to 'GLfloat'
     1>c:\users\ad\documents\visual studio 2015\projects\computer graphics - opengl\daynightmode\daynightmode\source.cpp(721): warning C4305: 'argument': truncation from 'double' to 'GLfloat'
     1>c:\users\ad\documents\visual studio 2015\projects\computer graphics - opengl\daynightmode\daynightmode\source.cpp(740): warning C4305: 'argument': truncation from 'double' to 'GLfloat'
     1>c:\users\ad\documents\visual studio 2015\projects\computer graphics - opengl\daynightmode\daynightmode\source.cpp(796): warning C4244: 'argument': conversion from 'double' to 'GLubyte', possible loss of data
     1>c:\users\ad\documents\visual studio 2015\projects\computer graphics - opengl\daynightmode\daynightmode\source.cpp(802): warning C4244: 'argument': conversion from 'double' to 'GLubyte', possible loss of data
     1>c:\users\ad\documents\visual studio 2015\projects\computer graphics - opengl\daynightmode\daynightmode\source.cpp(806): warning C4305: 'argument': truncation from 'double' to 'GLfloat'
     1>c:\users\ad\documents\visual studio 2015\projects\computer graphics - opengl\daynightmode\daynightmode\source.cpp(824): warning C4244: 'argument': conversion from 'double' to 'GLubyte', possible loss of data
     1>c:\users\ad\documents\visual studio 2015\projects\computer graphics - opengl\daynightmode\daynightmode\source.cpp(828): warning C4244: 'argument': conversion from 'double' to 'GLubyte', possible loss of data
     1>c:\users\ad\documents\visual studio 2015\projects\computer graphics - opengl\daynightmode\daynightmode\source.cpp(832): warning C4244: 'argument': conversion from 'double' to 'GLubyte', possible loss of data
     1>c:\users\ad\documents\visual studio 2015\projects\computer graphics - opengl\daynightmode\daynightmode\source.cpp(836): warning C4244: 'argument': conversion from 'double' to 'GLubyte', possible loss of data
     1>c:\users\ad\documents\visual studio 2015\projects\computer graphics - opengl\daynightmode\daynightmode\source.cpp(843): warning C4244: 'argument': conversion from 'double' to 'GLubyte', possible loss of data
     1>c:\users\ad\documents\visual studio 2015\projects\computer graphics - opengl\daynightmode\daynightmode\source.cpp(850): warning C4305: 'argument': truncation from 'double' to 'GLfloat'
     1>c:\users\ad\documents\visual studio 2015\projects\computer graphics - opengl\daynightmode\daynightmode\source.cpp(853): warning C4305: 'argument': truncation from 'double' to 'GLfloat'
     1>c:\users\ad\documents\visual studio 2015\projects\computer graphics - opengl\daynightmode\daynightmode\source.cpp(857): warning C4305: 'argument': truncation from 'double' to 'GLfloat'
     1>c:\users\ad\documents\visual studio 2015\projects\computer graphics - opengl\daynightmode\daynightmode\source.cpp(873): warning C4244: 'argument': conversion from 'double' to 'GLubyte', possible loss of data
     1>c:\users\ad\documents\visual studio 2015\projects\computer graphics - opengl\daynightmode\daynightmode\source.cpp(876): warning C4244: 'argument': conversion from 'double' to 'GLubyte', possible loss of data
     1>c:\users\ad\documents\visual studio 2015\projects\computer graphics - opengl\daynightmode\daynightmode\source.cpp(879): warning C4244: 'argument': conversion from 'double' to 'GLubyte', possible loss of data
     1>c:\users\ad\documents\visual studio 2015\projects\computer graphics - opengl\daynightmode\daynightmode\source.cpp(883): warning C4244: 'argument': conversion from 'double' to 'GLubyte', possible loss of data
     1>c:\users\ad\documents\visual studio 2015\projects\computer graphics - opengl\daynightmode\daynightmode\source.cpp(887): warning C4244: 'argument': conversion from 'double' to 'GLubyte', possible loss of data
     1>c:\users\ad\documents\visual studio 2015\projects\computer graphics - opengl\daynightmode\daynightmode\source.cpp(891): warning C4244: 'argument': conversion from 'double' to 'GLubyte', possible loss of data
     1>c:\users\ad\documents\visual studio 2015\projects\computer graphics - opengl\daynightmode\daynightmode\source.cpp(896): warning C4244: 'argument': conversion from 'double' to 'GLubyte', possible loss of data
     1>c:\users\ad\documents\visual studio 2015\projects\computer graphics - opengl\daynightmode\daynightmode\source.cpp(900): warning C4244: 'argument': conversion from 'double' to 'GLubyte', possible loss of data
     1>c:\users\ad\documents\visual studio 2015\projects\computer graphics - opengl\daynightmode\daynightmode\source.cpp(904): warning C4244: 'argument': conversion from 'double' to 'GLubyte', possible loss of data
     1>c:\users\ad\documents\visual studio 2015\projects\computer graphics - opengl\daynightmode\daynightmode\source.cpp(909): warning C4244: 'argument': conversion from 'double' to 'GLubyte', possible loss of data
     1>c:\users\ad\documents\visual studio 2015\projects\computer graphics - opengl\daynightmode\daynightmode\source.cpp(913): warning C4244: 'argument': conversion from 'double' to 'GLubyte', possible loss of data
     1>c:\users\ad\documents\visual studio 2015\projects\computer graphics - opengl\daynightmode\daynightmode\source.cpp(918): warning C4244: 'argument': conversion from 'double' to 'GLubyte', possible loss of data
     1>c:\users\ad\documents\visual studio 2015\projects\computer graphics - opengl\daynightmode\daynightmode\source.cpp(926): warning C4305: 'argument': truncation from 'double' to 'GLfloat'
     1>c:\users\ad\documents\visual studio 2015\projects\computer graphics - opengl\daynightmode\daynightmode\source.cpp(1022): warning C4305: 'argument': truncation from 'double' to 'GLfloat'
     1>c:\users\ad\documents\visual studio 2015\projects\computer graphics - opengl\daynightmode\daynightmode\source.cpp(1028): warning C4305: 'argument': truncation from 'double' to 'GLfloat'
     1>c:\users\ad\documents\visual studio 2015\projects\computer graphics - opengl\daynightmode\daynightmode\source.cpp(1031): warning C4305: 'argument': truncation from 'double' to 'GLfloat'
     1>c:\users\ad\documents\visual studio 2015\projects\computer graphics - opengl\daynightmode\daynightmode\source.cpp(1036): warning C4305: 'argument': truncation from 'double' to 'GLfloat'
     1>c:\users\ad\documents\visual studio 2015\projects\computer graphics - opengl\daynightmode\daynightmode\source.cpp(1043): warning C4305: 'argument': truncation from 'double' to 'GLfloat'
     1>c:\users\ad\documents\visual studio 2015\projects\computer graphics - opengl\daynightmode\daynightmode\source.cpp(1058): warning C4244: '=': conversion from 'double' to 'float', possible loss of data
     1>c:\users\ad\documents\visual studio 2015\projects\computer graphics - opengl\daynightmode\daynightmode\source.cpp(1078): warning C4305: 'initializing': truncation from 'double' to 'float'
     1>c:\users\ad\documents\visual studio 2015\projects\computer graphics - opengl\daynightmode\daynightmode\source.cpp(1080): warning C4244: 'initializing': conversion from 'double' to 'float', possible loss of data
     1>c:\users\ad\documents\visual studio 2015\projects\computer graphics - opengl\daynightmode\daynightmode\source.cpp(1091): warning C4305: 'initializing': truncation from 'double' to 'float'
     1>c:\users\ad\documents\visual studio 2015\projects\computer graphics - opengl\daynightmode\daynightmode\source.cpp(1103): warning C4305: 'argument': truncation from 'double' to 'float'
     1>c:\users\ad\documents\visual studio 2015\projects\computer graphics - opengl\daynightmode\daynightmode\source.cpp(1104): warning C4305: 'argument': truncation from 'double' to 'float'
     1>c:\users\ad\documents\visual studio 2015\projects\computer graphics - opengl\daynightmode\daynightmode\source.cpp(1155): warning C4305: 'argument': truncation from 'double' to 'GLfloat'
     1>c:\users\ad\documents\visual studio 2015\projects\computer graphics - opengl\daynightmode\daynightmode\source.cpp(1163): warning C4305: 'argument': truncation from 'double' to 'float'
     1>c:\users\ad\documents\visual studio 2015\projects\computer graphics - opengl\daynightmode\daynightmode\source.cpp(1164): warning C4305: 'argument': truncation from 'double' to 'float'
     1>c:\users\ad\documents\visual studio 2015\projects\computer graphics - opengl\daynightmode\daynightmode\source.cpp(1216): warning C4305: 'argument': truncation from 'double' to 'GLfloat'
     1>c:\users\ad\documents\visual studio 2015\projects\computer graphics - opengl\daynightmode\daynightmode\source.cpp(1237): warning C4244: 'argument': conversion from 'double' to 'GLfloat', possible loss of data
     1>c:\users\ad\documents\visual studio 2015\projects\computer graphics - opengl\daynightmode\daynightmode\source.cpp(1256): warning C4244: 'argument': conversion from 'double' to 'GLfloat', possible loss of data
     1>c:\users\ad\documents\visual studio 2015\projects\computer graphics - opengl\daynightmode\daynightmode\source.cpp(1267): warning C4244: 'argument': conversion from 'double' to 'GLfloat', possible loss of data
     1>c:\users\ad\documents\visual studio 2015\projects\computer graphics - opengl\daynightmode\daynightmode\source.cpp(1336): warning C4244: 'argument': conversion from 'double' to 'GLfloat', possible loss of data
     1>c:\users\ad\documents\visual studio 2015\projects\computer graphics - opengl\daynightmode\daynightmode\source.cpp(1337): warning C4305: 'argument': truncation from 'double' to 'GLfloat'
     1>c:\users\ad\documents\visual studio 2015\projects\computer graphics - opengl\daynightmode\daynightmode\source.cpp(1338): warning C4305: 'argument': truncation from 'double' to 'GLfloat'
     1>c:\users\ad\documents\visual studio 2015\projects\computer graphics - opengl\daynightmode\daynightmode\source.cpp(1343): warning C4244: 'argument': conversion from 'double' to 'GLfloat', possible loss of data
     1>c:\users\ad\documents\visual studio 2015\projects\computer graphics - opengl\daynightmode\daynightmode\source.cpp(1344): warning C4305: 'argument': truncation from 'double' to 'GLfloat'
     1>c:\users\ad\documents\visual studio 2015\projects\computer graphics - opengl\daynightmode\daynightmode\source.cpp(1345): warning C4305: 'argument': truncation from 'double' to 'GLfloat'
     1>c:\users\ad\documents\visual studio 2015\projects\computer graphics - opengl\daynightmode\daynightmode\source.cpp(1350): warning C4244: 'argument': conversion from 'double' to 'GLfloat', possible loss of data
     1>c:\users\ad\documents\visual studio 2015\projects\computer graphics - opengl\daynightmode\daynightmode\source.cpp(1351): warning C4305: 'argument': truncation from 'double' to 'GLfloat'
     1>c:\users\ad\documents\visual studio 2015\projects\computer graphics - opengl\daynightmode\daynightmode\source.cpp(1352): warning C4305: 'argument': truncation from 'double' to 'GLfloat'
     1>c:\users\ad\documents\visual studio 2015\projects\computer graphics - opengl\daynightmode\daynightmode\source.cpp(1358): warning C4244: 'argument': conversion from 'double' to 'GLfloat', possible loss of data
     1>c:\users\ad\documents\visual studio 2015\projects\computer graphics - opengl\daynightmode\daynightmode\source.cpp(1359): warning C4305: 'argument': truncation from 'double' to 'GLfloat'
     1>c:\users\ad\documents\visual studio 2015\projects\computer graphics - opengl\daynightmode\daynightmode\source.cpp(1360): warning C4305: 'argument': truncation from 'double' to 'GLfloat'
     1>c:\users\ad\documents\visual studio 2015\projects\computer graphics - opengl\daynightmode\daynightmode\source.cpp(1460): warning C4305: 'argument': truncation from 'double' to 'GLclampf'
     1>c:\users\ad\documents\visual studio 2015\projects\computer graphics - opengl\daynightmode\daynightmode\source.cpp(1496): warning C4305: 'argument': truncation from 'double' to 'float'
     1>c:\users\ad\documents\visual studio 2015\projects\computer graphics - opengl\daynightmode\daynightmode\source.cpp(1497): warning C4305: 'argument': truncation from 'double' to 'float'
     1>c:\users\ad\documents\visual studio 2015\projects\computer graphics - opengl\daynightmode\daynightmode\source.cpp(1498): warning C4305: 'argument': truncation from 'double' to 'float'
     1>c:\users\ad\documents\visual studio 2015\projects\computer graphics - opengl\daynightmode\daynightmode\source.cpp(1499): warning C4305: 'argument': truncation from 'double' to 'float'
     1>c:\users\ad\documents\visual studio 2015\projects\computer graphics - opengl\daynightmode\daynightmode\source.cpp(1500): warning C4305: 'argument': truncation from 'double' to 'float'
     1>c:\users\ad\documents\visual studio 2015\projects\computer graphics - opengl\daynightmode\daynightmode\source.cpp(1501): warning C4305: 'argument': truncation from 'double' to 'float'
     1>c:\users\ad\documents\visual studio 2015\projects\computer graphics - opengl\daynightmode\daynightmode\source.cpp(1502): warning C4305: 'argument': truncation from 'double' to 'float'
     1>c:\users\ad\documents\visual studio 2015\projects\computer graphics - opengl\daynightmode\daynightmode\source.cpp(1503): warning C4305: 'argument': truncation from 'double' to 'float'
     1>c:\users\ad\documents\visual studio 2015\projects\computer graphics - opengl\daynightmode\daynightmode\source.cpp(1515): warning C4305: 'argument': truncation from 'double' to 'GLclampf'
     1>c:\users\ad\documents\visual studio 2015\projects\computer graphics - opengl\daynightmode\daynightmode\source.cpp(1594): warning C4305: 'argument': truncation from 'double' to 'GLclampf'
     1>c:\users\ad\documents\visual studio 2015\projects\computer graphics - opengl\daynightmode\daynightmode\source.cpp(392): warning C4715: 'setUpSpeed': not all control paths return a value
       Link:
         C:\Program Files (x86)\Microsoft Visual Studio 14.0\VC\bin\link.exe /ERRORREPORT:PROMPT /OUT:"C:\Users\ad\Documents\Visual Studio 2015\Projects\Computer Graphics - Opengl\dayNightMode\Debug\dayNightMode.exe" /INCREMENTAL /NOLOGO freeglut.lib glew32.lib kernel32.lib user32.lib gdi32.lib winspool.lib comdlg32.lib advapi32.lib shell32.lib ole32.lib oleaut32.lib uuid.lib odbc32.lib odbccp32.lib /MANIFEST /MANIFESTUAC:"level='asInvoker' uiAccess='false'" /manifest:embed /Debug /PDB:"C:\Users\ad\Documents\Visual Studio 2015\Projects\Computer Graphics - Opengl\dayNightMode\Debug\dayNightMode.pdb" /TLBID:1 /DYNAMICBASE /NXCOMPAT /IMPLIB:"C:\Users\ad\Documents\Visual Studio 2015\Projects\Computer Graphics - Opengl\dayNightMode\Debug\dayNightMode.lib" /MACHINE:X86 Debug\Source.obj
         dayNightMode.vcxproj -> C:\Users\ad\Documents\Visual Studio 2015\Projects\Computer Graphics - Opengl\dayNightMode\Debug\dayNightMode.exe
     1>Done Building Project "C:\Users\ad\Documents\Visual Studio 2015\Projects\Computer Graphics - Opengl\dayNightMode\dayNightMode\dayNightMode.vcxproj" (Build target(s)).

Build succeeded.

Time Elapsed 00:00:43.23
