Build started 11/7/2021 2:01:34 PM.
     1>Project "C:\Users\ad\Documents\Visual Studio 2015\Projects\Computer Graphics - Opengl\Group9\Group9\Group9.vcxproj" on node 2 (Build target(s)).
     1>ClCompile:
         C:\Program Files (x86)\Microsoft Visual Studio 14.0\VC\bin\x86_amd64\CL.exe /c /ZI /nologo /W3 /WX- /sdl /Od /D _MBCS /Gm /EHsc /RTC1 /MDd /GS /fp:precise /Zc:wchar_t /Zc:forScope /Zc:inline /Fo"x64\Debug\\" /Fd"x64\Debug\vc140.pdb" /Gd /TP /errorReport:prompt Main.cpp
         Main.cpp
     1>c:\users\ad\documents\visual studio 2015\projects\computer graphics - opengl\group9\group9\main.cpp(24): warning C4305: 'argument': truncation from 'double' to 'GLclampf'
     1>c:\users\ad\documents\visual studio 2015\projects\computer graphics - opengl\group9\group9\main.cpp(62): warning C4244: '=': conversion from 'double' to 'float', possible loss of data
     1>c:\users\ad\documents\visual studio 2015\projects\computer graphics - opengl\group9\group9\main.cpp(63): warning C4244: 'argument': conversion from 'double' to 'GLfloat', possible loss of data
     1>c:\users\ad\documents\visual studio 2015\projects\computer graphics - opengl\group9\group9\main.cpp(75): warning C4305: 'argument': truncation from 'double' to 'GLfloat'
     1>c:\users\ad\documents\visual studio 2015\projects\computer graphics - opengl\group9\group9\main.cpp(83): warning C4244: 'argument': conversion from 'int' to 'GLfloat', possible loss of data
     1>c:\users\ad\documents\visual studio 2015\projects\computer graphics - opengl\group9\group9\main.cpp(84): warning C4244: 'argument': conversion from 'int' to 'GLfloat', possible loss of data
     1>c:\users\ad\documents\visual studio 2015\projects\computer graphics - opengl\group9\group9\main.cpp(85): warning C4244: 'argument': conversion from 'int' to 'GLfloat', possible loss of data
     1>c:\users\ad\documents\visual studio 2015\projects\computer graphics - opengl\group9\group9\main.cpp(86): warning C4244: 'argument': conversion from 'int' to 'GLfloat', possible loss of data
     1>c:\users\ad\documents\visual studio 2015\projects\computer graphics - opengl\group9\group9\main.cpp(87): warning C4244: 'argument': conversion from 'int' to 'GLfloat', possible loss of data
     1>c:\users\ad\documents\visual studio 2015\projects\computer graphics - opengl\group9\group9\main.cpp(88): warning C4244: 'argument': conversion from 'int' to 'GLfloat', possible loss of data
     1>c:\users\ad\documents\visual studio 2015\projects\computer graphics - opengl\group9\group9\main.cpp(89): warning C4244: 'argument': conversion from 'int' to 'GLfloat', possible loss of data
     1>c:\users\ad\documents\visual studio 2015\projects\computer graphics - opengl\group9\group9\main.cpp(113): warning C4305: 'argument': truncation from 'double' to 'GLfloat'
     1>c:\users\ad\documents\visual studio 2015\projects\computer graphics - opengl\group9\group9\main.cpp(129): warning C4305: 'argument': truncation from 'double' to 'GLfloat'
     1>c:\users\ad\documents\visual studio 2015\projects\computer graphics - opengl\group9\group9\main.cpp(174): warning C4305: 'argument': truncation from 'double' to 'GLfloat'
     1>c:\users\ad\documents\visual studio 2015\projects\computer graphics - opengl\group9\group9\main.cpp(214): warning C4305: 'argument': truncation from 'double' to 'GLfloat'
     1>c:\users\ad\documents\visual studio 2015\projects\computer graphics - opengl\group9\group9\main.cpp(228): warning C4305: 'argument': truncation from 'double' to 'GLfloat'
     1>c:\users\ad\documents\visual studio 2015\projects\computer graphics - opengl\group9\group9\main.cpp(243): warning C4305: 'argument': truncation from 'double' to 'GLfloat'
     1>c:\users\ad\documents\visual studio 2015\projects\computer graphics - opengl\group9\group9\main.cpp(259): warning C4305: 'argument': truncation from 'double' to 'GLfloat'
     1>c:\users\ad\documents\visual studio 2015\projects\computer graphics - opengl\group9\group9\main.cpp(274): warning C4305: 'argument': truncation from 'double' to 'GLfloat'
     1>c:\users\ad\documents\visual studio 2015\projects\computer graphics - opengl\group9\group9\main.cpp(349): warning C4305: 'argument': truncation from 'double' to 'GLfloat'
     1>c:\users\ad\documents\visual studio 2015\projects\computer graphics - opengl\group9\group9\main.cpp(363): warning C4305: 'argument': truncation from 'double' to 'GLfloat'
     1>c:\users\ad\documents\visual studio 2015\projects\computer graphics - opengl\group9\group9\main.cpp(377): warning C4305: 'argument': truncation from 'double' to 'GLfloat'
     1>c:\users\ad\documents\visual studio 2015\projects\computer graphics - opengl\group9\group9\main.cpp(392): warning C4305: 'argument': truncation from 'double' to 'GLfloat'
     1>c:\users\ad\documents\visual studio 2015\projects\computer graphics - opengl\group9\group9\main.cpp(455): warning C4305: 'argument': truncation from 'double' to 'GLfloat'
     1>c:\users\ad\documents\visual studio 2015\projects\computer graphics - opengl\group9\group9\main.cpp(465): warning C4305: 'argument': truncation from 'double' to 'GLfloat'
     1>c:\users\ad\documents\visual studio 2015\projects\computer graphics - opengl\group9\group9\main.cpp(475): warning C4305: 'argument': truncation from 'double' to 'GLfloat'
     1>c:\users\ad\documents\visual studio 2015\projects\computer graphics - opengl\group9\group9\main.cpp(485): warning C4305: 'argument': truncation from 'double' to 'GLfloat'
     1>c:\users\ad\documents\visual studio 2015\projects\computer graphics - opengl\group9\group9\main.cpp(495): warning C4305: 'argument': truncation from 'double' to 'GLfloat'
     1>c:\users\ad\documents\visual studio 2015\projects\computer graphics - opengl\group9\group9\main.cpp(505): warning C4305: 'argument': truncation from 'double' to 'GLfloat'
     1>c:\users\ad\documents\visual studio 2015\projects\computer graphics - opengl\group9\group9\main.cpp(515): warning C4305: 'argument': truncation from 'double' to 'GLfloat'
     1>c:\users\ad\documents\visual studio 2015\projects\computer graphics - opengl\group9\group9\main.cpp(525): warning C4305: 'argument': truncation from 'double' to 'GLfloat'
     1>c:\users\ad\documents\visual studio 2015\projects\computer graphics - opengl\group9\group9\main.cpp(545): warning C4305: 'argument': truncation from 'double' to 'GLfloat'
     1>c:\users\ad\documents\visual studio 2015\projects\computer graphics - opengl\group9\group9\main.cpp(555): warning C4305: 'argument': truncation from 'double' to 'GLfloat'
     1>c:\users\ad\documents\visual studio 2015\projects\computer graphics - opengl\group9\group9\main.cpp(574): warning C4305: 'argument': truncation from 'double' to 'GLfloat'
     1>c:\users\ad\documents\visual studio 2015\projects\computer graphics - opengl\group9\group9\main.cpp(708): warning C4305: 'argument': truncation from 'double' to 'GLfloat'
     1>c:\users\ad\documents\visual studio 2015\projects\computer graphics - opengl\group9\group9\main.cpp(710): warning C4305: 'argument': truncation from 'double' to 'GLfloat'
     1>c:\users\ad\documents\visual studio 2015\projects\computer graphics - opengl\group9\group9\main.cpp(713): warning C4305: 'argument': truncation from 'double' to 'GLfloat'
     1>c:\users\ad\documents\visual studio 2015\projects\computer graphics - opengl\group9\group9\main.cpp(772): warning C4305: 'argument': truncation from 'double' to 'GLfloat'
       Link:
         C:\Program Files (x86)\Microsoft Visual Studio 14.0\VC\bin\x86_amd64\link.exe /ERRORREPORT:PROMPT /OUT:"C:\Users\ad\Documents\Visual Studio 2015\Projects\Computer Graphics - Opengl\Group9\x64\Debug\Group9.exe" /INCREMENTAL /NOLOGO freeglut.lib glew32.lib kernel32.lib user32.lib gdi32.lib winspool.lib comdlg32.lib advapi32.lib shell32.lib ole32.lib oleaut32.lib uuid.lib odbc32.lib odbccp32.lib /MANIFEST /MANIFESTUAC:"level='asInvoker' uiAccess='false'" /manifest:embed /Debug /PDB:"C:\Users\ad\Documents\Visual Studio 2015\Projects\Computer Graphics - Opengl\Group9\x64\Debug\Group9.pdb" /TLBID:1 /DYNAMICBASE /NXCOMPAT /IMPLIB:"C:\Users\ad\Documents\Visual Studio 2015\Projects\Computer Graphics - Opengl\Group9\x64\Debug\Group9.lib" /MACHINE:X64 x64\Debug\Main.obj
     1>Main.obj : error LNK2019: unresolved external symbol __imp_glutInitWindowPosition referenced in function main
     1>Main.obj : error LNK2019: unresolved external symbol __imp_glutInitWindowSize referenced in function main
     1>Main.obj : error LNK2019: unresolved external symbol __imp_glutInitDisplayMode referenced in function main
     1>Main.obj : error LNK2019: unresolved external symbol __imp_glutMainLoop referenced in function main
     1>Main.obj : error LNK2019: unresolved external symbol __imp_glutPostRedisplay referenced in function "void __cdecl cloud_move_right(float)" (?cloud_move_right@@YAXM@Z)
     1>Main.obj : error LNK2019: unresolved external symbol __imp_glutReshapeFunc referenced in function main
     1>Main.obj : error LNK2019: unresolved external symbol __imp_glutDisplayFunc referenced in function main
     1>Main.obj : error LNK2019: unresolved external symbol __imp___glutInitWithExit referenced in function glutInit_ATEXIT_HACK
     1>Main.obj : error LNK2019: unresolved external symbol __imp___glutCreateWindowWithExit referenced in function glutCreateWindow_ATEXIT_HACK
     1>C:\Users\ad\Documents\Visual Studio 2015\Projects\Computer Graphics - Opengl\Group9\Libraries\lib\freeglut.lib : warning LNK4272: library machine type 'X86' conflicts with target machine type 'x64'
     1>C:\Users\ad\Documents\Visual Studio 2015\Projects\Computer Graphics - Opengl\Group9\Libraries\lib\glew32.lib : warning LNK4272: library machine type 'X86' conflicts with target machine type 'x64'
     1>C:\Users\ad\Documents\Visual Studio 2015\Projects\Computer Graphics - Opengl\Group9\x64\Debug\Group9.exe : fatal error LNK1120: 9 unresolved externals
     1>Done Building Project "C:\Users\ad\Documents\Visual Studio 2015\Projects\Computer Graphics - Opengl\Group9\Group9\Group9.vcxproj" (Build target(s)) -- FAILED.

Build FAILED.

Time Elapsed 00:00:19.89
